<?xml version="1.0" encoding="UTF-8"?>
<!-- Generated by org.testng.reporters.JUnitXMLReporter -->
<testsuite ignored="0" hostname="LAPTOP-6P4GMOC9" failures="0" tests="3" name="Default test" time="36.383" errors="0" timestamp="2025-12-26T12:25:25 IST">
  <testcase classname="tests.LoginCheckTestNG" name="loginFail" time="2.35"/>
  <testcase classname="tests.LoginCheckTestNG" name="loginTest" time="1.333"/>
  <testcase classname="tests.LoginCheckTestNG" name="AddEmployee" time="9.413"/>
</testsuite> <!-- Default test -->
