<?xml version="1.0" encoding="UTF-8"?>
<!-- Generated by org.testng.reporters.JUnitXMLReporter -->
<testsuite ignored="3" hostname="LAPTOP-6P4GMOC9" failures="0" tests="1" name="Default test" time="33.161" errors="0" timestamp="2025-12-26T22:32:49 IST">
  <testcase classname="tests.LoginCheckTestNG" name="searchEmployeebyName" time="12.998"/>
  <testcase classname="tests.LoginCheckTestNG" name="loginTest" time="0.0">
    <ignored/>
  </testcase> <!-- loginTest -->
  <testcase classname="tests.LoginCheckTestNG" name="AddEmployee" time="0.0">
    <ignored/>
  </testcase> <!-- AddEmployee -->
  <testcase classname="tests.LoginCheckTestNG" name="loginFail" time="0.0">
    <ignored/>
  </testcase> <!-- loginFail -->
</testsuite> <!-- Default test -->
