<?xml version="1.0" encoding="UTF-8"?>
<!-- Generated by org.testng.reporters.JUnitReportReporter -->
<testsuite hostname="LAPTOP-6P4GMOC9" failures="0" tests="4" name="tests.LoginCheckTestNG" time="12.998" errors="0" timestamp="2025-12-26T22:32:49 IST" skipped="3">
  <testcase classname="tests.LoginCheckTestNG" name="searchEmployeebyName" time="12.998"/>
  <testcase classname="tests.LoginCheckTestNG" name="loginTest">
    <skipped/>
  </testcase> <!-- loginTest -->
  <testcase classname="tests.LoginCheckTestNG" name="AddEmployee">
    <skipped/>
  </testcase> <!-- AddEmployee -->
  <testcase classname="tests.LoginCheckTestNG" name="loginFail">
    <skipped/>
  </testcase> <!-- loginFail -->
</testsuite> <!-- tests.LoginCheckTestNG -->
