<?xml version="1.0" encoding="UTF-8"?>
<testng-results ignored="2" total="4" passed="2" failed="0" skipped="0">
  <reporter-output>
  </reporter-output>
  <suite started-at="2025-12-26T21:43:43 IST" name="Default suite" finished-at="2025-12-26T21:44:24 IST" duration-ms="41168">
    <groups>
    </groups>
    <test started-at="2025-12-26T21:43:43 IST" name="Default test" finished-at="2025-12-26T21:44:24 IST" duration-ms="41168">
      <class name="tests.LoginCheckTestNG">
        <test-method is-config="true" signature="setup()[pri:0, instance:tests.LoginCheckTestNG@1e800aaa]" started-at="2025-12-26T21:43:43 IST" name="setup" finished-at="2025-12-26T21:43:53 IST" duration-ms="10103" status="PASS">
          <reporter-output>
          </reporter-output>
        </test-method> <!-- setup -->
        <test-method signature="AddEmployee()[pri:3, instance:tests.LoginCheckTestNG@1e800aaa]" started-at="2025-12-26T21:43:53 IST" name="AddEmployee" finished-at="2025-12-26T21:44:07 IST" duration-ms="13376" status="PASS">
          <reporter-output>
          </reporter-output>
        </test-method> <!-- AddEmployee -->
        <test-method signature="searchEmployeebyName()[pri:4, instance:tests.LoginCheckTestNG@1e800aaa]" started-at="2025-12-26T21:44:07 IST" name="searchEmployeebyName" finished-at="2025-12-26T21:44:14 IST" duration-ms="7371" status="PASS">
          <reporter-output>
          </reporter-output>
        </test-method> <!-- searchEmployeebyName -->
        <test-method is-config="true" signature="teardown()[pri:0, instance:tests.LoginCheckTestNG@1e800aaa]" started-at="2025-12-26T21:44:14 IST" name="teardown" finished-at="2025-12-26T21:44:24 IST" duration-ms="10244" status="PASS">
          <reporter-output>
          </reporter-output>
        </test-method> <!-- teardown -->
      </class> <!-- tests.LoginCheckTestNG -->
    </test> <!-- Default test -->
  </suite> <!-- Default suite -->
</testng-results>
