<?xml version="1.0" encoding="UTF-8"?>
<testng-results ignored="3" total="4" passed="1" failed="0" skipped="0">
  <reporter-output>
  </reporter-output>
  <suite started-at="2025-12-26T22:32:16 IST" name="Default suite" finished-at="2025-12-26T22:32:49 IST" duration-ms="33161">
    <groups>
    </groups>
    <test started-at="2025-12-26T22:32:16 IST" name="Default test" finished-at="2025-12-26T22:32:49 IST" duration-ms="33161">
      <class name="tests.LoginCheckTestNG">
        <test-method is-config="true" signature="setup()[pri:0, instance:tests.LoginCheckTestNG@1e800aaa]" started-at="2025-12-26T22:32:16 IST" name="setup" finished-at="2025-12-26T22:32:26 IST" duration-ms="9790" status="PASS">
          <reporter-output>
          </reporter-output>
        </test-method> <!-- setup -->
        <test-method signature="searchEmployeebyName()[pri:4, instance:tests.LoginCheckTestNG@1e800aaa]" started-at="2025-12-26T22:32:26 IST" name="searchEmployeebyName" finished-at="2025-12-26T22:32:39 IST" duration-ms="12998" status="PASS">
          <reporter-output>
          </reporter-output>
        </test-method> <!-- searchEmployeebyName -->
        <test-method is-config="true" signature="teardown()[pri:0, instance:tests.LoginCheckTestNG@1e800aaa]" started-at="2025-12-26T22:32:39 IST" name="teardown" finished-at="2025-12-26T22:32:49 IST" duration-ms="10292" status="PASS">
          <reporter-output>
          </reporter-output>
        </test-method> <!-- teardown -->
      </class> <!-- tests.LoginCheckTestNG -->
    </test> <!-- Default test -->
  </suite> <!-- Default suite -->
</testng-results>
